[16:47:42] [Server thread/INFO]: Starting minecraft server version 1.12.2
[16:47:42] [Server thread/INFO]: Loading properties
[16:47:42] [Server console handler/ERROR]: Exception handling console input
java.io.IOException: The handle is invalid
	at java.io.FileInputStream.readBytes(Native Method) ~[?:?]
	at java.io.FileInputStream.read(FileInputStream.java:276) ~[?:?]
	at java.io.BufferedInputStream.read1(BufferedInputStream.java:282) ~[?:?]
	at java.io.BufferedInputStream.read(BufferedInputStream.java:343) ~[?:?]
	at sun.nio.cs.StreamDecoder.readBytes(StreamDecoder.java:270) ~[?:?]
	at sun.nio.cs.StreamDecoder.implRead(StreamDecoder.java:313) ~[?:?]
	at sun.nio.cs.StreamDecoder.read(StreamDecoder.java:188) ~[?:?]
	at java.io.InputStreamReader.read(InputStreamReader.java:177) ~[?:?]
	at java.io.BufferedReader.fill(BufferedReader.java:162) ~[?:?]
	at java.io.BufferedReader.readLine(BufferedReader.java:329) ~[?:?]
	at java.io.BufferedReader.readLine(BufferedReader.java:396) ~[?:?]
	at nz$2.run(SourceFile:100) [minecraft_server.1.12.2.jar:?]
[16:47:42] [Server thread/INFO]: Default game type: SURVIVAL
[16:47:42] [Server thread/INFO]: Generating keypair
[16:47:42] [Server thread/INFO]: Starting Minecraft server on *:25565
[16:47:42] [Server thread/INFO]: Using default channel type
[16:47:42] [Server thread/INFO]: Preparing level "world"
[16:47:42] [Server thread/INFO]: Loaded 488 advancements
[16:47:42] [Server thread/INFO]: Preparing start region for level 0
[16:47:43] [Server thread/INFO]: Preparing spawn area: 13%
[16:47:44] [Server thread/INFO]: Preparing spawn area: 28%
[16:47:45] [Server thread/INFO]: Preparing spawn area: 44%
[16:47:46] [Server thread/INFO]: Done (4.567s)! For help, type "help" or "?"
[16:47:46] [Server thread/INFO]: Stopping server
[16:47:46] [Server thread/INFO]: Saving players
[16:47:46] [Server thread/INFO]: Saving worlds
[16:47:46] [Server thread/INFO]: Saving chunks for level 'world'/overworld
[16:47:47] [Server Shutdown Thread/INFO]: Stopping server
